<?xml version="1.0" encoding="UTF-8"?>
<testng-results skipped="0" failed="0" ignored="0" total="1" passed="1">
  <reporter-output>
  </reporter-output>
  <suite name="Default suite" duration-ms="134140" started-at="2020-02-25T07:03:54Z" finished-at="2020-02-25T07:06:08Z">
    <groups>
    </groups>
    <test name="Default test" duration-ms="134140" started-at="2020-02-25T07:03:54Z" finished-at="2020-02-25T07:06:08Z">
      <class name="com.qa.testcases.TC_LibraryTaskListTest_016">
        <test-method status="PASS" signature="setup()[pri:0, instance:com.qa.testcases.TC_LibraryTaskListTest_016@4cf777e8]" name="setup" is-config="true" duration-ms="29471" started-at="2020-02-25T07:03:54Z" finished-at="2020-02-25T07:04:24Z">
          <reporter-output>
          </reporter-output>
        </test-method> <!-- setup -->
        <test-method status="PASS" signature="addLibraryTaskDetails()[pri:22, instance:com.qa.testcases.TC_LibraryTaskListTest_016@4cf777e8]" name="addLibraryTaskDetails" duration-ms="104532" started-at="2020-02-25T07:04:24Z" finished-at="2020-02-25T07:06:08Z">
          <reporter-output>
          </reporter-output>
        </test-method> <!-- addLibraryTaskDetails -->
        <test-method status="PASS" signature="tearDown()[pri:0, instance:com.qa.testcases.TC_LibraryTaskListTest_016@4cf777e8]" name="tearDown" is-config="true" duration-ms="1" started-at="2020-02-25T07:06:08Z" finished-at="2020-02-25T07:06:08Z">
          <reporter-output>
          </reporter-output>
        </test-method> <!-- tearDown -->
      </class> <!-- com.qa.testcases.TC_LibraryTaskListTest_016 -->
    </test> <!-- Default test -->
  </suite> <!-- Default suite -->
</testng-results>
